CheckPhone/app/build/intermediates/manifest_merge_blame_file/debug/manifest-merger-blame-debug-report.txt
1<?xml version="1.0" encoding="utf-8"?>
2<manifest xmlns:android="http://schemas.android.com/apk/res/android"
3    package="com.example.matan.matan"
4    android:versionCode="1"
5    android:versionName="1.0" >
6
7    <uses-sdk
8        android:minSdkVersion="21"
8-->src\main\AndroidManifest.xml
9        android:targetSdkVersion="27" />
9-->src\main\AndroidManifest.xml
10    <!-- Allows access to the vibrate -->
11    <uses-permission android:name="android.permission.VIBRATE" /> <!-- Allows access to the flashlight -->
11-->src\main\AndroidManifest.xml:5:5-66
11-->src\main\AndroidManifest.xml:5:22-63
12    <uses-permission android:name="android.permission.FLASHLIGHT" />
12-->src\main\AndroidManifest.xml:6:5-69
12-->src\main\AndroidManifest.xml:6:22-66
13    <uses-permission android:name="android.permission.INTERNET" />
13-->src\main\AndroidManifest.xml:7:5-67
13-->src\main\AndroidManifest.xml:7:22-64
14
15    <uses-feature android:name="android.hardware.camera" />
15-->src\main\AndroidManifest.xml:9:5-60
15-->src\main\AndroidManifest.xml:9:19-57
16    <uses-feature android:name="android.hardware.camera" /> <!-- Allows access to the fingerprint reader -->
16-->src\main\AndroidManifest.xml:9:5-60
16-->src\main\AndroidManifest.xml:9:19-57
17    <uses-permission android:name="android.permission.USE_FINGERPRINT" /> <!-- Allows access to the accelerometer reader -->
17-->src\main\AndroidManifest.xml:11:5-74
17-->src\main\AndroidManifest.xml:11:22-71
18    <uses-feature android:name="android.hardware.sensor.accelerometer" />
18-->src\main\AndroidManifest.xml:12:5-74
18-->src\main\AndroidManifest.xml:12:19-71
19
20    <application
20-->src\main\AndroidManifest.xml:14:5-43:19
21        android:allowBackup="true"
21-->src\main\AndroidManifest.xml:15:9-35
22        android:debuggable="true"
23        android:icon="@mipmap/ic_launcher"
23-->src\main\AndroidManifest.xml:16:9-43
24        android:label="@string/app_name"
24-->src\main\AndroidManifest.xml:17:9-41
25        android:roundIcon="@mipmap/ic_launcher_round"
25-->src\main\AndroidManifest.xml:19:9-54
26        android:screenOrientation="portrait"
26-->src\main\AndroidManifest.xml:18:9-45
27        android:supportsRtl="true"
27-->src\main\AndroidManifest.xml:20:9-35
28        android:testOnly="true"
29        android:theme="@style/AppTheme" >
29-->src\main\AndroidManifest.xml:21:9-40
30        <activity android:name="com.example.matan.matan.webview" />
30-->src\main\AndroidManifest.xml:22:9-54
30-->src\main\AndroidManifest.xml:22:19-42
31        <activity android:name="com.example.matan.matan.Splashscreen" >
31-->src\main\AndroidManifest.xml:23:9-30:20
31-->src\main\AndroidManifest.xml:24:13-41
32            <intent-filter>
32-->src\main\AndroidManifest.xml:25:13-29:29
33                <action android:name="android.intent.action.MAIN" />
33-->src\main\AndroidManifest.xml:26:17-69
33-->src\main\AndroidManifest.xml:26:25-66
34
35                <category android:name="android.intent.category.LAUNCHER" />
35-->src\main\AndroidManifest.xml:28:17-77
35-->src\main\AndroidManifest.xml:28:27-74
36            </intent-filter>
37        </activity>
38        <activity android:name="com.example.matan.matan.MainActivity" />
38-->src\main\AndroidManifest.xml:31:9-50
38-->src\main\AndroidManifest.xml:31:19-47
39        <activity android:name="com.example.matan.matan.vibration_page" />
39-->src\main\AndroidManifest.xml:32:9-52
39-->src\main\AndroidManifest.xml:32:19-49
40        <activity android:name="com.example.matan.matan.charger_page" />
40-->src\main\AndroidManifest.xml:33:9-50
40-->src\main\AndroidManifest.xml:33:19-47
41        <activity android:name="com.example.matan.matan.flashlight_page" />
41-->src\main\AndroidManifest.xml:34:9-53
41-->src\main\AndroidManifest.xml:34:19-50
42        <activity android:name="com.example.matan.matan.speaker_page" />
42-->src\main\AndroidManifest.xml:35:9-50
42-->src\main\AndroidManifest.xml:35:19-47
43        <activity android:name="com.example.matan.matan.fingerprint_page" />
43-->src\main\AndroidManifest.xml:36:9-54
43-->src\main\AndroidManifest.xml:36:19-51
44        <activity android:name="com.example.matan.matan.fingerprint_page_2" />
44-->src\main\AndroidManifest.xml:37:9-56
44-->src\main\AndroidManifest.xml:37:19-53
45        <activity android:name="com.example.matan.matan.volume_button_page" />
45-->src\main\AndroidManifest.xml:38:9-56
45-->src\main\AndroidManifest.xml:38:19-53
46        <activity android:name="com.example.matan.matan.proximity_page" />
46-->src\main\AndroidManifest.xml:39:9-52
46-->src\main\AndroidManifest.xml:39:19-49
47        <activity android:name="com.example.matan.matan.gyroscope_page" />
47-->src\main\AndroidManifest.xml:40:9-52
47-->src\main\AndroidManifest.xml:40:19-49
48        <activity android:name="com.example.matan.matan.light_page" />
48-->src\main\AndroidManifest.xml:41:9-48
48-->src\main\AndroidManifest.xml:41:19-45
49        <activity android:name="com.example.matan.matan.gyroscope_page_2" />
49-->src\main\AndroidManifest.xml:42:9-54
49-->src\main\AndroidManifest.xml:42:19-51
50    </application>
51
52</manifest>